ARM GAS  C:\Users\cesco\AppData\Local\Temp\ccPITdsG.s 			page 1


   1              		.cpu cortex-m4
   2              		.arch armv7e-m
   3              		.fpu fpv4-sp-d16
   4              		.eabi_attribute 27, 1
   5              		.eabi_attribute 28, 1
   6              		.eabi_attribute 20, 1
   7              		.eabi_attribute 21, 1
   8              		.eabi_attribute 23, 3
   9              		.eabi_attribute 24, 1
  10              		.eabi_attribute 25, 1
  11              		.eabi_attribute 26, 1
  12              		.eabi_attribute 30, 1
  13              		.eabi_attribute 34, 1
  14              		.eabi_attribute 18, 4
  15              		.file	"stm32f4xx_hal_msp.c"
  16              		.text
  17              	.Ltext0:
  18              		.cfi_sections	.debug_frame
  19              		.file 1 "Core/Src/stm32f4xx_hal_msp.c"
  20              		.section	.text.HAL_MspInit,"ax",%progbits
  21              		.align	1
  22              		.global	HAL_MspInit
  23              		.syntax unified
  24              		.thumb
  25              		.thumb_func
  27              	HAL_MspInit:
  28              	.LFB134:
   1:Core/Src/stm32f4xx_hal_msp.c **** /* USER CODE BEGIN Header */
   2:Core/Src/stm32f4xx_hal_msp.c **** /**
   3:Core/Src/stm32f4xx_hal_msp.c ****   ******************************************************************************
   4:Core/Src/stm32f4xx_hal_msp.c ****   * @file         stm32f4xx_hal_msp.c
   5:Core/Src/stm32f4xx_hal_msp.c ****   * @brief        This file provides code for the MSP Initialization
   6:Core/Src/stm32f4xx_hal_msp.c ****   *               and de-Initialization codes.
   7:Core/Src/stm32f4xx_hal_msp.c ****   ******************************************************************************
   8:Core/Src/stm32f4xx_hal_msp.c ****   * @attention
   9:Core/Src/stm32f4xx_hal_msp.c ****   *
  10:Core/Src/stm32f4xx_hal_msp.c ****   * Copyright (c) 2026 STMicroelectronics.
  11:Core/Src/stm32f4xx_hal_msp.c ****   * All rights reserved.
  12:Core/Src/stm32f4xx_hal_msp.c ****   *
  13:Core/Src/stm32f4xx_hal_msp.c ****   * This software is licensed under terms that can be found in the LICENSE file
  14:Core/Src/stm32f4xx_hal_msp.c ****   * in the root directory of this software component.
  15:Core/Src/stm32f4xx_hal_msp.c ****   * If no LICENSE file comes with this software, it is provided AS-IS.
  16:Core/Src/stm32f4xx_hal_msp.c ****   *
  17:Core/Src/stm32f4xx_hal_msp.c ****   ******************************************************************************
  18:Core/Src/stm32f4xx_hal_msp.c ****   */
  19:Core/Src/stm32f4xx_hal_msp.c **** /* USER CODE END Header */
  20:Core/Src/stm32f4xx_hal_msp.c **** 
  21:Core/Src/stm32f4xx_hal_msp.c **** /* Includes ------------------------------------------------------------------*/
  22:Core/Src/stm32f4xx_hal_msp.c **** #include "main.h"
  23:Core/Src/stm32f4xx_hal_msp.c **** /* USER CODE BEGIN Includes */
  24:Core/Src/stm32f4xx_hal_msp.c **** 
  25:Core/Src/stm32f4xx_hal_msp.c **** /* USER CODE END Includes */
  26:Core/Src/stm32f4xx_hal_msp.c **** extern DMA_HandleTypeDef hdma_spi2_tx;
  27:Core/Src/stm32f4xx_hal_msp.c **** 
  28:Core/Src/stm32f4xx_hal_msp.c **** /* Private typedef -----------------------------------------------------------*/
  29:Core/Src/stm32f4xx_hal_msp.c **** /* USER CODE BEGIN TD */
  30:Core/Src/stm32f4xx_hal_msp.c **** 
ARM GAS  C:\Users\cesco\AppData\Local\Temp\ccPITdsG.s 			page 2


  31:Core/Src/stm32f4xx_hal_msp.c **** /* USER CODE END TD */
  32:Core/Src/stm32f4xx_hal_msp.c **** 
  33:Core/Src/stm32f4xx_hal_msp.c **** /* Private define ------------------------------------------------------------*/
  34:Core/Src/stm32f4xx_hal_msp.c **** /* USER CODE BEGIN Define */
  35:Core/Src/stm32f4xx_hal_msp.c **** 
  36:Core/Src/stm32f4xx_hal_msp.c **** /* USER CODE END Define */
  37:Core/Src/stm32f4xx_hal_msp.c **** 
  38:Core/Src/stm32f4xx_hal_msp.c **** /* Private macro -------------------------------------------------------------*/
  39:Core/Src/stm32f4xx_hal_msp.c **** /* USER CODE BEGIN Macro */
  40:Core/Src/stm32f4xx_hal_msp.c **** 
  41:Core/Src/stm32f4xx_hal_msp.c **** /* USER CODE END Macro */
  42:Core/Src/stm32f4xx_hal_msp.c **** 
  43:Core/Src/stm32f4xx_hal_msp.c **** /* Private variables ---------------------------------------------------------*/
  44:Core/Src/stm32f4xx_hal_msp.c **** /* USER CODE BEGIN PV */
  45:Core/Src/stm32f4xx_hal_msp.c **** 
  46:Core/Src/stm32f4xx_hal_msp.c **** /* USER CODE END PV */
  47:Core/Src/stm32f4xx_hal_msp.c **** 
  48:Core/Src/stm32f4xx_hal_msp.c **** /* Private function prototypes -----------------------------------------------*/
  49:Core/Src/stm32f4xx_hal_msp.c **** /* USER CODE BEGIN PFP */
  50:Core/Src/stm32f4xx_hal_msp.c **** 
  51:Core/Src/stm32f4xx_hal_msp.c **** /* USER CODE END PFP */
  52:Core/Src/stm32f4xx_hal_msp.c **** 
  53:Core/Src/stm32f4xx_hal_msp.c **** /* External functions --------------------------------------------------------*/
  54:Core/Src/stm32f4xx_hal_msp.c **** /* USER CODE BEGIN ExternalFunctions */
  55:Core/Src/stm32f4xx_hal_msp.c **** 
  56:Core/Src/stm32f4xx_hal_msp.c **** /* USER CODE END ExternalFunctions */
  57:Core/Src/stm32f4xx_hal_msp.c **** 
  58:Core/Src/stm32f4xx_hal_msp.c **** /* USER CODE BEGIN 0 */
  59:Core/Src/stm32f4xx_hal_msp.c **** 
  60:Core/Src/stm32f4xx_hal_msp.c **** /* USER CODE END 0 */
  61:Core/Src/stm32f4xx_hal_msp.c **** /**
  62:Core/Src/stm32f4xx_hal_msp.c ****   * Initializes the Global MSP.
  63:Core/Src/stm32f4xx_hal_msp.c ****   */
  64:Core/Src/stm32f4xx_hal_msp.c **** void HAL_MspInit(void)
  65:Core/Src/stm32f4xx_hal_msp.c **** {
  29              		.loc 1 65 1 view -0
  30              		.cfi_startproc
  31              		@ args = 0, pretend = 0, frame = 8
  32              		@ frame_needed = 0, uses_anonymous_args = 0
  33              		@ link register save eliminated.
  34 0000 82B0     		sub	sp, sp, #8
  35              	.LCFI0:
  36              		.cfi_def_cfa_offset 8
  66:Core/Src/stm32f4xx_hal_msp.c **** 
  67:Core/Src/stm32f4xx_hal_msp.c ****   /* USER CODE BEGIN MspInit 0 */
  68:Core/Src/stm32f4xx_hal_msp.c **** 
  69:Core/Src/stm32f4xx_hal_msp.c ****   /* USER CODE END MspInit 0 */
  70:Core/Src/stm32f4xx_hal_msp.c **** 
  71:Core/Src/stm32f4xx_hal_msp.c ****   __HAL_RCC_SYSCFG_CLK_ENABLE();
  37              		.loc 1 71 3 view .LVU1
  38              	.LBB2:
  39              		.loc 1 71 3 view .LVU2
  40 0002 0021     		movs	r1, #0
  41 0004 0091     		str	r1, [sp]
  42              		.loc 1 71 3 view .LVU3
  43 0006 0B4B     		ldr	r3, .L3
  44 0008 5A6C     		ldr	r2, [r3, #68]
ARM GAS  C:\Users\cesco\AppData\Local\Temp\ccPITdsG.s 			page 3


  45 000a 42F48042 		orr	r2, r2, #16384
  46 000e 5A64     		str	r2, [r3, #68]
  47              		.loc 1 71 3 view .LVU4
  48 0010 5A6C     		ldr	r2, [r3, #68]
  49 0012 02F48042 		and	r2, r2, #16384
  50 0016 0092     		str	r2, [sp]
  51              		.loc 1 71 3 view .LVU5
  52 0018 009A     		ldr	r2, [sp]
  53              	.LBE2:
  54              		.loc 1 71 3 view .LVU6
  72:Core/Src/stm32f4xx_hal_msp.c ****   __HAL_RCC_PWR_CLK_ENABLE();
  55              		.loc 1 72 3 view .LVU7
  56              	.LBB3:
  57              		.loc 1 72 3 view .LVU8
  58 001a 0191     		str	r1, [sp, #4]
  59              		.loc 1 72 3 view .LVU9
  60 001c 1A6C     		ldr	r2, [r3, #64]
  61 001e 42F08052 		orr	r2, r2, #268435456
  62 0022 1A64     		str	r2, [r3, #64]
  63              		.loc 1 72 3 view .LVU10
  64 0024 1B6C     		ldr	r3, [r3, #64]
  65 0026 03F08053 		and	r3, r3, #268435456
  66 002a 0193     		str	r3, [sp, #4]
  67              		.loc 1 72 3 view .LVU11
  68 002c 019B     		ldr	r3, [sp, #4]
  69              	.LBE3:
  70              		.loc 1 72 3 view .LVU12
  73:Core/Src/stm32f4xx_hal_msp.c **** 
  74:Core/Src/stm32f4xx_hal_msp.c ****   /* System interrupt init*/
  75:Core/Src/stm32f4xx_hal_msp.c **** 
  76:Core/Src/stm32f4xx_hal_msp.c ****   /* USER CODE BEGIN MspInit 1 */
  77:Core/Src/stm32f4xx_hal_msp.c **** 
  78:Core/Src/stm32f4xx_hal_msp.c ****   /* USER CODE END MspInit 1 */
  79:Core/Src/stm32f4xx_hal_msp.c **** }
  71              		.loc 1 79 1 is_stmt 0 view .LVU13
  72 002e 02B0     		add	sp, sp, #8
  73              	.LCFI1:
  74              		.cfi_def_cfa_offset 0
  75              		@ sp needed
  76 0030 7047     		bx	lr
  77              	.L4:
  78 0032 00BF     		.align	2
  79              	.L3:
  80 0034 00380240 		.word	1073887232
  81              		.cfi_endproc
  82              	.LFE134:
  84              		.section	.text.HAL_I2S_MspInit,"ax",%progbits
  85              		.align	1
  86              		.global	HAL_I2S_MspInit
  87              		.syntax unified
  88              		.thumb
  89              		.thumb_func
  91              	HAL_I2S_MspInit:
  92              	.LVL0:
  93              	.LFB135:
  80:Core/Src/stm32f4xx_hal_msp.c **** 
  81:Core/Src/stm32f4xx_hal_msp.c **** /**
ARM GAS  C:\Users\cesco\AppData\Local\Temp\ccPITdsG.s 			page 4


  82:Core/Src/stm32f4xx_hal_msp.c ****   * @brief I2S MSP Initialization
  83:Core/Src/stm32f4xx_hal_msp.c ****   * This function configures the hardware resources used in this example
  84:Core/Src/stm32f4xx_hal_msp.c ****   * @param hi2s: I2S handle pointer
  85:Core/Src/stm32f4xx_hal_msp.c ****   * @retval None
  86:Core/Src/stm32f4xx_hal_msp.c ****   */
  87:Core/Src/stm32f4xx_hal_msp.c **** void HAL_I2S_MspInit(I2S_HandleTypeDef* hi2s)
  88:Core/Src/stm32f4xx_hal_msp.c **** {
  94              		.loc 1 88 1 is_stmt 1 view -0
  95              		.cfi_startproc
  96              		@ args = 0, pretend = 0, frame = 48
  97              		@ frame_needed = 0, uses_anonymous_args = 0
  98              		.loc 1 88 1 is_stmt 0 view .LVU15
  99 0000 30B5     		push	{r4, r5, lr}
 100              	.LCFI2:
 101              		.cfi_def_cfa_offset 12
 102              		.cfi_offset 4, -12
 103              		.cfi_offset 5, -8
 104              		.cfi_offset 14, -4
 105 0002 8DB0     		sub	sp, sp, #52
 106              	.LCFI3:
 107              		.cfi_def_cfa_offset 64
  89:Core/Src/stm32f4xx_hal_msp.c ****   GPIO_InitTypeDef GPIO_InitStruct = {0};
 108              		.loc 1 89 3 is_stmt 1 view .LVU16
 109              		.loc 1 89 20 is_stmt 0 view .LVU17
 110 0004 0023     		movs	r3, #0
 111 0006 0793     		str	r3, [sp, #28]
 112 0008 0893     		str	r3, [sp, #32]
 113 000a 0993     		str	r3, [sp, #36]
 114 000c 0A93     		str	r3, [sp, #40]
 115 000e 0B93     		str	r3, [sp, #44]
  90:Core/Src/stm32f4xx_hal_msp.c ****   RCC_PeriphCLKInitTypeDef PeriphClkInitStruct = {0};
 116              		.loc 1 90 3 is_stmt 1 view .LVU18
 117              		.loc 1 90 28 is_stmt 0 view .LVU19
 118 0010 0393     		str	r3, [sp, #12]
 119 0012 0493     		str	r3, [sp, #16]
 120 0014 0593     		str	r3, [sp, #20]
 121 0016 0693     		str	r3, [sp, #24]
  91:Core/Src/stm32f4xx_hal_msp.c ****   if(hi2s->Instance==SPI2)
 122              		.loc 1 91 3 is_stmt 1 view .LVU20
 123              		.loc 1 91 10 is_stmt 0 view .LVU21
 124 0018 0268     		ldr	r2, [r0]
 125              		.loc 1 91 5 view .LVU22
 126 001a 2B4B     		ldr	r3, .L13
 127 001c 9A42     		cmp	r2, r3
 128 001e 01D0     		beq	.L10
 129              	.LVL1:
 130              	.L5:
  92:Core/Src/stm32f4xx_hal_msp.c ****   {
  93:Core/Src/stm32f4xx_hal_msp.c ****   /** Initializes the peripherals clock
  94:Core/Src/stm32f4xx_hal_msp.c ****   */
  95:Core/Src/stm32f4xx_hal_msp.c ****     PeriphClkInitStruct.PeriphClockSelection = RCC_PERIPHCLK_I2S;
  96:Core/Src/stm32f4xx_hal_msp.c ****     PeriphClkInitStruct.PLLI2S.PLLI2SN = 192;
  97:Core/Src/stm32f4xx_hal_msp.c ****     PeriphClkInitStruct.PLLI2S.PLLI2SR = 2;
  98:Core/Src/stm32f4xx_hal_msp.c ****     if (HAL_RCCEx_PeriphCLKConfig(&PeriphClkInitStruct) != HAL_OK)
  99:Core/Src/stm32f4xx_hal_msp.c ****     {
 100:Core/Src/stm32f4xx_hal_msp.c ****       Error_Handler();
 101:Core/Src/stm32f4xx_hal_msp.c ****     }
ARM GAS  C:\Users\cesco\AppData\Local\Temp\ccPITdsG.s 			page 5


 102:Core/Src/stm32f4xx_hal_msp.c **** 
 103:Core/Src/stm32f4xx_hal_msp.c ****     /* Peripheral clock enable */
 104:Core/Src/stm32f4xx_hal_msp.c ****     __HAL_RCC_SPI2_CLK_ENABLE();
 105:Core/Src/stm32f4xx_hal_msp.c **** 
 106:Core/Src/stm32f4xx_hal_msp.c ****     __HAL_RCC_GPIOB_CLK_ENABLE();
 107:Core/Src/stm32f4xx_hal_msp.c ****     /**I2S2 GPIO Configuration
 108:Core/Src/stm32f4xx_hal_msp.c ****     PB12     ------> I2S2_WS
 109:Core/Src/stm32f4xx_hal_msp.c ****     PB13     ------> I2S2_CK
 110:Core/Src/stm32f4xx_hal_msp.c ****     PB15     ------> I2S2_SD
 111:Core/Src/stm32f4xx_hal_msp.c ****     */
 112:Core/Src/stm32f4xx_hal_msp.c ****     GPIO_InitStruct.Pin = GPIO_PIN_12|GPIO_PIN_13|GPIO_PIN_15;
 113:Core/Src/stm32f4xx_hal_msp.c ****     GPIO_InitStruct.Mode = GPIO_MODE_AF_PP;
 114:Core/Src/stm32f4xx_hal_msp.c ****     GPIO_InitStruct.Pull = GPIO_NOPULL;
 115:Core/Src/stm32f4xx_hal_msp.c ****     GPIO_InitStruct.Speed = GPIO_SPEED_FREQ_HIGH;
 116:Core/Src/stm32f4xx_hal_msp.c ****     GPIO_InitStruct.Alternate = GPIO_AF5_SPI2;
 117:Core/Src/stm32f4xx_hal_msp.c ****     HAL_GPIO_Init(GPIOB, &GPIO_InitStruct);
 118:Core/Src/stm32f4xx_hal_msp.c **** 
 119:Core/Src/stm32f4xx_hal_msp.c ****     /* I2S2 DMA Init */
 120:Core/Src/stm32f4xx_hal_msp.c ****     /* SPI2_TX Init */
 121:Core/Src/stm32f4xx_hal_msp.c ****     hdma_spi2_tx.Instance = DMA1_Stream4;
 122:Core/Src/stm32f4xx_hal_msp.c ****     hdma_spi2_tx.Init.Channel = DMA_CHANNEL_0;
 123:Core/Src/stm32f4xx_hal_msp.c ****     hdma_spi2_tx.Init.Direction = DMA_MEMORY_TO_PERIPH;
 124:Core/Src/stm32f4xx_hal_msp.c ****     hdma_spi2_tx.Init.PeriphInc = DMA_PINC_DISABLE;
 125:Core/Src/stm32f4xx_hal_msp.c ****     hdma_spi2_tx.Init.MemInc = DMA_MINC_ENABLE;
 126:Core/Src/stm32f4xx_hal_msp.c ****     hdma_spi2_tx.Init.PeriphDataAlignment = DMA_PDATAALIGN_HALFWORD;
 127:Core/Src/stm32f4xx_hal_msp.c ****     hdma_spi2_tx.Init.MemDataAlignment = DMA_MDATAALIGN_HALFWORD;
 128:Core/Src/stm32f4xx_hal_msp.c ****     hdma_spi2_tx.Init.Mode = DMA_NORMAL;
 129:Core/Src/stm32f4xx_hal_msp.c ****     hdma_spi2_tx.Init.Priority = DMA_PRIORITY_HIGH;
 130:Core/Src/stm32f4xx_hal_msp.c ****     hdma_spi2_tx.Init.FIFOMode = DMA_FIFOMODE_DISABLE;
 131:Core/Src/stm32f4xx_hal_msp.c ****     if (HAL_DMA_Init(&hdma_spi2_tx) != HAL_OK)
 132:Core/Src/stm32f4xx_hal_msp.c ****     {
 133:Core/Src/stm32f4xx_hal_msp.c ****       Error_Handler();
 134:Core/Src/stm32f4xx_hal_msp.c ****     }
 135:Core/Src/stm32f4xx_hal_msp.c **** 
 136:Core/Src/stm32f4xx_hal_msp.c ****     __HAL_LINKDMA(hi2s,hdmatx,hdma_spi2_tx);
 137:Core/Src/stm32f4xx_hal_msp.c **** 
 138:Core/Src/stm32f4xx_hal_msp.c ****   }
 139:Core/Src/stm32f4xx_hal_msp.c **** }
 131              		.loc 1 139 1 view .LVU23
 132 0020 0DB0     		add	sp, sp, #52
 133              	.LCFI4:
 134              		.cfi_remember_state
 135              		.cfi_def_cfa_offset 12
 136              		@ sp needed
 137 0022 30BD     		pop	{r4, r5, pc}
 138              	.LVL2:
 139              	.L10:
 140              	.LCFI5:
 141              		.cfi_restore_state
 142              		.loc 1 139 1 view .LVU24
 143 0024 0446     		mov	r4, r0
  95:Core/Src/stm32f4xx_hal_msp.c ****     PeriphClkInitStruct.PLLI2S.PLLI2SN = 192;
 144              		.loc 1 95 5 is_stmt 1 view .LVU25
  95:Core/Src/stm32f4xx_hal_msp.c ****     PeriphClkInitStruct.PLLI2S.PLLI2SN = 192;
 145              		.loc 1 95 46 is_stmt 0 view .LVU26
 146 0026 0123     		movs	r3, #1
 147 0028 0393     		str	r3, [sp, #12]
ARM GAS  C:\Users\cesco\AppData\Local\Temp\ccPITdsG.s 			page 6


  96:Core/Src/stm32f4xx_hal_msp.c ****     PeriphClkInitStruct.PLLI2S.PLLI2SR = 2;
 148              		.loc 1 96 5 is_stmt 1 view .LVU27
  96:Core/Src/stm32f4xx_hal_msp.c ****     PeriphClkInitStruct.PLLI2S.PLLI2SR = 2;
 149              		.loc 1 96 40 is_stmt 0 view .LVU28
 150 002a C023     		movs	r3, #192
 151 002c 0493     		str	r3, [sp, #16]
  97:Core/Src/stm32f4xx_hal_msp.c ****     if (HAL_RCCEx_PeriphCLKConfig(&PeriphClkInitStruct) != HAL_OK)
 152              		.loc 1 97 5 is_stmt 1 view .LVU29
  97:Core/Src/stm32f4xx_hal_msp.c ****     if (HAL_RCCEx_PeriphCLKConfig(&PeriphClkInitStruct) != HAL_OK)
 153              		.loc 1 97 40 is_stmt 0 view .LVU30
 154 002e 0223     		movs	r3, #2
 155 0030 0593     		str	r3, [sp, #20]
  98:Core/Src/stm32f4xx_hal_msp.c ****     {
 156              		.loc 1 98 5 is_stmt 1 view .LVU31
  98:Core/Src/stm32f4xx_hal_msp.c ****     {
 157              		.loc 1 98 9 is_stmt 0 view .LVU32
 158 0032 03A8     		add	r0, sp, #12
 159              	.LVL3:
  98:Core/Src/stm32f4xx_hal_msp.c ****     {
 160              		.loc 1 98 9 view .LVU33
 161 0034 FFF7FEFF 		bl	HAL_RCCEx_PeriphCLKConfig
 162              	.LVL4:
  98:Core/Src/stm32f4xx_hal_msp.c ****     {
 163              		.loc 1 98 8 discriminator 1 view .LVU34
 164 0038 0028     		cmp	r0, #0
 165 003a 3ED1     		bne	.L11
 166              	.L7:
 104:Core/Src/stm32f4xx_hal_msp.c **** 
 167              		.loc 1 104 5 is_stmt 1 view .LVU35
 168              	.LBB4:
 104:Core/Src/stm32f4xx_hal_msp.c **** 
 169              		.loc 1 104 5 view .LVU36
 170 003c 0025     		movs	r5, #0
 171 003e 0195     		str	r5, [sp, #4]
 104:Core/Src/stm32f4xx_hal_msp.c **** 
 172              		.loc 1 104 5 view .LVU37
 173 0040 224B     		ldr	r3, .L13+4
 174 0042 1A6C     		ldr	r2, [r3, #64]
 175 0044 42F48042 		orr	r2, r2, #16384
 176 0048 1A64     		str	r2, [r3, #64]
 104:Core/Src/stm32f4xx_hal_msp.c **** 
 177              		.loc 1 104 5 view .LVU38
 178 004a 1A6C     		ldr	r2, [r3, #64]
 179 004c 02F48042 		and	r2, r2, #16384
 180 0050 0192     		str	r2, [sp, #4]
 104:Core/Src/stm32f4xx_hal_msp.c **** 
 181              		.loc 1 104 5 view .LVU39
 182 0052 019A     		ldr	r2, [sp, #4]
 183              	.LBE4:
 104:Core/Src/stm32f4xx_hal_msp.c **** 
 184              		.loc 1 104 5 view .LVU40
 106:Core/Src/stm32f4xx_hal_msp.c ****     /**I2S2 GPIO Configuration
 185              		.loc 1 106 5 view .LVU41
 186              	.LBB5:
 106:Core/Src/stm32f4xx_hal_msp.c ****     /**I2S2 GPIO Configuration
 187              		.loc 1 106 5 view .LVU42
 188 0054 0295     		str	r5, [sp, #8]
ARM GAS  C:\Users\cesco\AppData\Local\Temp\ccPITdsG.s 			page 7


 106:Core/Src/stm32f4xx_hal_msp.c ****     /**I2S2 GPIO Configuration
 189              		.loc 1 106 5 view .LVU43
 190 0056 1A6B     		ldr	r2, [r3, #48]
 191 0058 42F00202 		orr	r2, r2, #2
 192 005c 1A63     		str	r2, [r3, #48]
 106:Core/Src/stm32f4xx_hal_msp.c ****     /**I2S2 GPIO Configuration
 193              		.loc 1 106 5 view .LVU44
 194 005e 1B6B     		ldr	r3, [r3, #48]
 195 0060 03F00203 		and	r3, r3, #2
 196 0064 0293     		str	r3, [sp, #8]
 106:Core/Src/stm32f4xx_hal_msp.c ****     /**I2S2 GPIO Configuration
 197              		.loc 1 106 5 view .LVU45
 198 0066 029B     		ldr	r3, [sp, #8]
 199              	.LBE5:
 106:Core/Src/stm32f4xx_hal_msp.c ****     /**I2S2 GPIO Configuration
 200              		.loc 1 106 5 view .LVU46
 112:Core/Src/stm32f4xx_hal_msp.c ****     GPIO_InitStruct.Mode = GPIO_MODE_AF_PP;
 201              		.loc 1 112 5 view .LVU47
 112:Core/Src/stm32f4xx_hal_msp.c ****     GPIO_InitStruct.Mode = GPIO_MODE_AF_PP;
 202              		.loc 1 112 25 is_stmt 0 view .LVU48
 203 0068 4FF43043 		mov	r3, #45056
 204 006c 0793     		str	r3, [sp, #28]
 113:Core/Src/stm32f4xx_hal_msp.c ****     GPIO_InitStruct.Pull = GPIO_NOPULL;
 205              		.loc 1 113 5 is_stmt 1 view .LVU49
 113:Core/Src/stm32f4xx_hal_msp.c ****     GPIO_InitStruct.Pull = GPIO_NOPULL;
 206              		.loc 1 113 26 is_stmt 0 view .LVU50
 207 006e 0223     		movs	r3, #2
 208 0070 0893     		str	r3, [sp, #32]
 114:Core/Src/stm32f4xx_hal_msp.c ****     GPIO_InitStruct.Speed = GPIO_SPEED_FREQ_HIGH;
 209              		.loc 1 114 5 is_stmt 1 view .LVU51
 114:Core/Src/stm32f4xx_hal_msp.c ****     GPIO_InitStruct.Speed = GPIO_SPEED_FREQ_HIGH;
 210              		.loc 1 114 26 is_stmt 0 view .LVU52
 211 0072 0995     		str	r5, [sp, #36]
 115:Core/Src/stm32f4xx_hal_msp.c ****     GPIO_InitStruct.Alternate = GPIO_AF5_SPI2;
 212              		.loc 1 115 5 is_stmt 1 view .LVU53
 115:Core/Src/stm32f4xx_hal_msp.c ****     GPIO_InitStruct.Alternate = GPIO_AF5_SPI2;
 213              		.loc 1 115 27 is_stmt 0 view .LVU54
 214 0074 0A93     		str	r3, [sp, #40]
 116:Core/Src/stm32f4xx_hal_msp.c ****     HAL_GPIO_Init(GPIOB, &GPIO_InitStruct);
 215              		.loc 1 116 5 is_stmt 1 view .LVU55
 116:Core/Src/stm32f4xx_hal_msp.c ****     HAL_GPIO_Init(GPIOB, &GPIO_InitStruct);
 216              		.loc 1 116 31 is_stmt 0 view .LVU56
 217 0076 0523     		movs	r3, #5
 218 0078 0B93     		str	r3, [sp, #44]
 117:Core/Src/stm32f4xx_hal_msp.c **** 
 219              		.loc 1 117 5 is_stmt 1 view .LVU57
 220 007a 07A9     		add	r1, sp, #28
 221 007c 1448     		ldr	r0, .L13+8
 222 007e FFF7FEFF 		bl	HAL_GPIO_Init
 223              	.LVL5:
 121:Core/Src/stm32f4xx_hal_msp.c ****     hdma_spi2_tx.Init.Channel = DMA_CHANNEL_0;
 224              		.loc 1 121 5 view .LVU58
 121:Core/Src/stm32f4xx_hal_msp.c ****     hdma_spi2_tx.Init.Channel = DMA_CHANNEL_0;
 225              		.loc 1 121 27 is_stmt 0 view .LVU59
 226 0082 1448     		ldr	r0, .L13+12
 227 0084 144B     		ldr	r3, .L13+16
 228 0086 0360     		str	r3, [r0]
ARM GAS  C:\Users\cesco\AppData\Local\Temp\ccPITdsG.s 			page 8


 122:Core/Src/stm32f4xx_hal_msp.c ****     hdma_spi2_tx.Init.Direction = DMA_MEMORY_TO_PERIPH;
 229              		.loc 1 122 5 is_stmt 1 view .LVU60
 122:Core/Src/stm32f4xx_hal_msp.c ****     hdma_spi2_tx.Init.Direction = DMA_MEMORY_TO_PERIPH;
 230              		.loc 1 122 31 is_stmt 0 view .LVU61
 231 0088 4560     		str	r5, [r0, #4]
 123:Core/Src/stm32f4xx_hal_msp.c ****     hdma_spi2_tx.Init.PeriphInc = DMA_PINC_DISABLE;
 232              		.loc 1 123 5 is_stmt 1 view .LVU62
 123:Core/Src/stm32f4xx_hal_msp.c ****     hdma_spi2_tx.Init.PeriphInc = DMA_PINC_DISABLE;
 233              		.loc 1 123 33 is_stmt 0 view .LVU63
 234 008a 4023     		movs	r3, #64
 235 008c 8360     		str	r3, [r0, #8]
 124:Core/Src/stm32f4xx_hal_msp.c ****     hdma_spi2_tx.Init.MemInc = DMA_MINC_ENABLE;
 236              		.loc 1 124 5 is_stmt 1 view .LVU64
 124:Core/Src/stm32f4xx_hal_msp.c ****     hdma_spi2_tx.Init.MemInc = DMA_MINC_ENABLE;
 237              		.loc 1 124 33 is_stmt 0 view .LVU65
 238 008e C560     		str	r5, [r0, #12]
 125:Core/Src/stm32f4xx_hal_msp.c ****     hdma_spi2_tx.Init.PeriphDataAlignment = DMA_PDATAALIGN_HALFWORD;
 239              		.loc 1 125 5 is_stmt 1 view .LVU66
 125:Core/Src/stm32f4xx_hal_msp.c ****     hdma_spi2_tx.Init.PeriphDataAlignment = DMA_PDATAALIGN_HALFWORD;
 240              		.loc 1 125 30 is_stmt 0 view .LVU67
 241 0090 4FF48063 		mov	r3, #1024
 242 0094 0361     		str	r3, [r0, #16]
 126:Core/Src/stm32f4xx_hal_msp.c ****     hdma_spi2_tx.Init.MemDataAlignment = DMA_MDATAALIGN_HALFWORD;
 243              		.loc 1 126 5 is_stmt 1 view .LVU68
 126:Core/Src/stm32f4xx_hal_msp.c ****     hdma_spi2_tx.Init.MemDataAlignment = DMA_MDATAALIGN_HALFWORD;
 244              		.loc 1 126 43 is_stmt 0 view .LVU69
 245 0096 4FF40063 		mov	r3, #2048
 246 009a 4361     		str	r3, [r0, #20]
 127:Core/Src/stm32f4xx_hal_msp.c ****     hdma_spi2_tx.Init.Mode = DMA_NORMAL;
 247              		.loc 1 127 5 is_stmt 1 view .LVU70
 127:Core/Src/stm32f4xx_hal_msp.c ****     hdma_spi2_tx.Init.Mode = DMA_NORMAL;
 248              		.loc 1 127 40 is_stmt 0 view .LVU71
 249 009c 4FF40053 		mov	r3, #8192
 250 00a0 8361     		str	r3, [r0, #24]
 128:Core/Src/stm32f4xx_hal_msp.c ****     hdma_spi2_tx.Init.Priority = DMA_PRIORITY_HIGH;
 251              		.loc 1 128 5 is_stmt 1 view .LVU72
 128:Core/Src/stm32f4xx_hal_msp.c ****     hdma_spi2_tx.Init.Priority = DMA_PRIORITY_HIGH;
 252              		.loc 1 128 28 is_stmt 0 view .LVU73
 253 00a2 C561     		str	r5, [r0, #28]
 129:Core/Src/stm32f4xx_hal_msp.c ****     hdma_spi2_tx.Init.FIFOMode = DMA_FIFOMODE_DISABLE;
 254              		.loc 1 129 5 is_stmt 1 view .LVU74
 129:Core/Src/stm32f4xx_hal_msp.c ****     hdma_spi2_tx.Init.FIFOMode = DMA_FIFOMODE_DISABLE;
 255              		.loc 1 129 32 is_stmt 0 view .LVU75
 256 00a4 4FF40033 		mov	r3, #131072
 257 00a8 0362     		str	r3, [r0, #32]
 130:Core/Src/stm32f4xx_hal_msp.c ****     if (HAL_DMA_Init(&hdma_spi2_tx) != HAL_OK)
 258              		.loc 1 130 5 is_stmt 1 view .LVU76
 130:Core/Src/stm32f4xx_hal_msp.c ****     if (HAL_DMA_Init(&hdma_spi2_tx) != HAL_OK)
 259              		.loc 1 130 32 is_stmt 0 view .LVU77
 260 00aa 4562     		str	r5, [r0, #36]
 131:Core/Src/stm32f4xx_hal_msp.c ****     {
 261              		.loc 1 131 5 is_stmt 1 view .LVU78
 131:Core/Src/stm32f4xx_hal_msp.c ****     {
 262              		.loc 1 131 9 is_stmt 0 view .LVU79
 263 00ac FFF7FEFF 		bl	HAL_DMA_Init
 264              	.LVL6:
 131:Core/Src/stm32f4xx_hal_msp.c ****     {
ARM GAS  C:\Users\cesco\AppData\Local\Temp\ccPITdsG.s 			page 9


 265              		.loc 1 131 8 discriminator 1 view .LVU80
 266 00b0 30B9     		cbnz	r0, .L12
 267              	.L8:
 136:Core/Src/stm32f4xx_hal_msp.c **** 
 268              		.loc 1 136 5 is_stmt 1 view .LVU81
 136:Core/Src/stm32f4xx_hal_msp.c **** 
 269              		.loc 1 136 5 view .LVU82
 270 00b2 084B     		ldr	r3, .L13+12
 271 00b4 A363     		str	r3, [r4, #56]
 136:Core/Src/stm32f4xx_hal_msp.c **** 
 272              		.loc 1 136 5 view .LVU83
 273 00b6 9C63     		str	r4, [r3, #56]
 136:Core/Src/stm32f4xx_hal_msp.c **** 
 274              		.loc 1 136 5 discriminator 1 view .LVU84
 275              		.loc 1 139 1 is_stmt 0 view .LVU85
 276 00b8 B2E7     		b	.L5
 277              	.L11:
 100:Core/Src/stm32f4xx_hal_msp.c ****     }
 278              		.loc 1 100 7 is_stmt 1 view .LVU86
 279 00ba FFF7FEFF 		bl	Error_Handler
 280              	.LVL7:
 281 00be BDE7     		b	.L7
 282              	.L12:
 133:Core/Src/stm32f4xx_hal_msp.c ****     }
 283              		.loc 1 133 7 view .LVU87
 284 00c0 FFF7FEFF 		bl	Error_Handler
 285              	.LVL8:
 286 00c4 F5E7     		b	.L8
 287              	.L14:
 288 00c6 00BF     		.align	2
 289              	.L13:
 290 00c8 00380040 		.word	1073756160
 291 00cc 00380240 		.word	1073887232
 292 00d0 00040240 		.word	1073873920
 293 00d4 00000000 		.word	hdma_spi2_tx
 294 00d8 70600240 		.word	1073897584
 295              		.cfi_endproc
 296              	.LFE135:
 298              		.section	.text.HAL_I2S_MspDeInit,"ax",%progbits
 299              		.align	1
 300              		.global	HAL_I2S_MspDeInit
 301              		.syntax unified
 302              		.thumb
 303              		.thumb_func
 305              	HAL_I2S_MspDeInit:
 306              	.LVL9:
 307              	.LFB136:
 140:Core/Src/stm32f4xx_hal_msp.c **** 
 141:Core/Src/stm32f4xx_hal_msp.c **** /**
 142:Core/Src/stm32f4xx_hal_msp.c ****   * @brief I2S MSP De-Initialization
 143:Core/Src/stm32f4xx_hal_msp.c ****   * This function freeze the hardware resources used in this example
 144:Core/Src/stm32f4xx_hal_msp.c ****   * @param hi2s: I2S handle pointer
 145:Core/Src/stm32f4xx_hal_msp.c ****   * @retval None
 146:Core/Src/stm32f4xx_hal_msp.c ****   */
 147:Core/Src/stm32f4xx_hal_msp.c **** void HAL_I2S_MspDeInit(I2S_HandleTypeDef* hi2s)
 148:Core/Src/stm32f4xx_hal_msp.c **** {
 308              		.loc 1 148 1 view -0
ARM GAS  C:\Users\cesco\AppData\Local\Temp\ccPITdsG.s 			page 10


 309              		.cfi_startproc
 310              		@ args = 0, pretend = 0, frame = 0
 311              		@ frame_needed = 0, uses_anonymous_args = 0
 149:Core/Src/stm32f4xx_hal_msp.c ****   if(hi2s->Instance==SPI2)
 312              		.loc 1 149 3 view .LVU89
 313              		.loc 1 149 10 is_stmt 0 view .LVU90
 314 0000 0268     		ldr	r2, [r0]
 315              		.loc 1 149 5 view .LVU91
 316 0002 0A4B     		ldr	r3, .L22
 317 0004 9A42     		cmp	r2, r3
 318 0006 00D0     		beq	.L21
 319 0008 7047     		bx	lr
 320              	.L21:
 148:Core/Src/stm32f4xx_hal_msp.c ****   if(hi2s->Instance==SPI2)
 321              		.loc 1 148 1 view .LVU92
 322 000a 10B5     		push	{r4, lr}
 323              	.LCFI6:
 324              		.cfi_def_cfa_offset 8
 325              		.cfi_offset 4, -8
 326              		.cfi_offset 14, -4
 327 000c 0446     		mov	r4, r0
 150:Core/Src/stm32f4xx_hal_msp.c ****   {
 151:Core/Src/stm32f4xx_hal_msp.c ****     /* Peripheral clock disable */
 152:Core/Src/stm32f4xx_hal_msp.c ****     __HAL_RCC_SPI2_CLK_DISABLE();
 328              		.loc 1 152 5 is_stmt 1 view .LVU93
 329 000e 084A     		ldr	r2, .L22+4
 330 0010 136C     		ldr	r3, [r2, #64]
 331 0012 23F48043 		bic	r3, r3, #16384
 332 0016 1364     		str	r3, [r2, #64]
 153:Core/Src/stm32f4xx_hal_msp.c **** 
 154:Core/Src/stm32f4xx_hal_msp.c ****     /**I2S2 GPIO Configuration
 155:Core/Src/stm32f4xx_hal_msp.c ****     PB12     ------> I2S2_WS
 156:Core/Src/stm32f4xx_hal_msp.c ****     PB13     ------> I2S2_CK
 157:Core/Src/stm32f4xx_hal_msp.c ****     PB15     ------> I2S2_SD
 158:Core/Src/stm32f4xx_hal_msp.c ****     */
 159:Core/Src/stm32f4xx_hal_msp.c ****     HAL_GPIO_DeInit(GPIOB, GPIO_PIN_12|GPIO_PIN_13|GPIO_PIN_15);
 333              		.loc 1 159 5 view .LVU94
 334 0018 4FF43041 		mov	r1, #45056
 335 001c 0548     		ldr	r0, .L22+8
 336              	.LVL10:
 337              		.loc 1 159 5 is_stmt 0 view .LVU95
 338 001e FFF7FEFF 		bl	HAL_GPIO_DeInit
 339              	.LVL11:
 160:Core/Src/stm32f4xx_hal_msp.c **** 
 161:Core/Src/stm32f4xx_hal_msp.c ****     HAL_DMA_DeInit(hi2s->hdmatx);
 340              		.loc 1 161 5 is_stmt 1 view .LVU96
 341 0022 A06B     		ldr	r0, [r4, #56]
 342 0024 FFF7FEFF 		bl	HAL_DMA_DeInit
 343              	.LVL12:
 162:Core/Src/stm32f4xx_hal_msp.c ****   }
 163:Core/Src/stm32f4xx_hal_msp.c **** }
 344              		.loc 1 163 1 is_stmt 0 view .LVU97
 345 0028 10BD     		pop	{r4, pc}
 346              	.LVL13:
 347              	.L23:
 348              		.loc 1 163 1 view .LVU98
 349 002a 00BF     		.align	2
ARM GAS  C:\Users\cesco\AppData\Local\Temp\ccPITdsG.s 			page 11


 350              	.L22:
 351 002c 00380040 		.word	1073756160
 352 0030 00380240 		.word	1073887232
 353 0034 00040240 		.word	1073873920
 354              		.cfi_endproc
 355              	.LFE136:
 357              		.section	.text.HAL_SD_MspInit,"ax",%progbits
 358              		.align	1
 359              		.global	HAL_SD_MspInit
 360              		.syntax unified
 361              		.thumb
 362              		.thumb_func
 364              	HAL_SD_MspInit:
 365              	.LVL14:
 366              	.LFB137:
 164:Core/Src/stm32f4xx_hal_msp.c **** 
 165:Core/Src/stm32f4xx_hal_msp.c **** void HAL_SD_MspInit(SD_HandleTypeDef* hsd)
 166:Core/Src/stm32f4xx_hal_msp.c **** {
 367              		.loc 1 166 1 is_stmt 1 view -0
 368              		.cfi_startproc
 369              		@ args = 0, pretend = 0, frame = 32
 370              		@ frame_needed = 0, uses_anonymous_args = 0
 371              		.loc 1 166 1 is_stmt 0 view .LVU100
 372 0000 2DE9F041 		push	{r4, r5, r6, r7, r8, lr}
 373              	.LCFI7:
 374              		.cfi_def_cfa_offset 24
 375              		.cfi_offset 4, -24
 376              		.cfi_offset 5, -20
 377              		.cfi_offset 6, -16
 378              		.cfi_offset 7, -12
 379              		.cfi_offset 8, -8
 380              		.cfi_offset 14, -4
 381 0004 88B0     		sub	sp, sp, #32
 382              	.LCFI8:
 383              		.cfi_def_cfa_offset 56
 167:Core/Src/stm32f4xx_hal_msp.c ****   GPIO_InitTypeDef GPIO_InitStruct = {0};
 384              		.loc 1 167 3 is_stmt 1 view .LVU101
 385              		.loc 1 167 20 is_stmt 0 view .LVU102
 386 0006 0023     		movs	r3, #0
 387 0008 0393     		str	r3, [sp, #12]
 388 000a 0493     		str	r3, [sp, #16]
 389 000c 0593     		str	r3, [sp, #20]
 390 000e 0693     		str	r3, [sp, #24]
 391 0010 0793     		str	r3, [sp, #28]
 168:Core/Src/stm32f4xx_hal_msp.c ****   if(hsd->Instance==SDIO)
 392              		.loc 1 168 3 is_stmt 1 view .LVU103
 393              		.loc 1 168 9 is_stmt 0 view .LVU104
 394 0012 0268     		ldr	r2, [r0]
 395              		.loc 1 168 5 view .LVU105
 396 0014 224B     		ldr	r3, .L28
 397 0016 9A42     		cmp	r2, r3
 398 0018 02D0     		beq	.L27
 399              	.LVL15:
 400              	.L24:
 169:Core/Src/stm32f4xx_hal_msp.c ****   {
 170:Core/Src/stm32f4xx_hal_msp.c ****     __HAL_RCC_SDIO_CLK_ENABLE();
 171:Core/Src/stm32f4xx_hal_msp.c ****     __HAL_RCC_GPIOC_CLK_ENABLE();
ARM GAS  C:\Users\cesco\AppData\Local\Temp\ccPITdsG.s 			page 12


 172:Core/Src/stm32f4xx_hal_msp.c ****     __HAL_RCC_GPIOD_CLK_ENABLE();
 173:Core/Src/stm32f4xx_hal_msp.c **** 
 174:Core/Src/stm32f4xx_hal_msp.c ****     GPIO_InitStruct.Pin = GPIO_PIN_8|GPIO_PIN_9|GPIO_PIN_10|GPIO_PIN_11|GPIO_PIN_12;
 175:Core/Src/stm32f4xx_hal_msp.c ****     GPIO_InitStruct.Mode = GPIO_MODE_AF_PP;
 176:Core/Src/stm32f4xx_hal_msp.c ****     GPIO_InitStruct.Pull = GPIO_PULLUP;
 177:Core/Src/stm32f4xx_hal_msp.c ****     GPIO_InitStruct.Speed = GPIO_SPEED_FREQ_VERY_HIGH;
 178:Core/Src/stm32f4xx_hal_msp.c ****     GPIO_InitStruct.Alternate = GPIO_AF12_SDIO;
 179:Core/Src/stm32f4xx_hal_msp.c ****     HAL_GPIO_Init(GPIOC, &GPIO_InitStruct);
 180:Core/Src/stm32f4xx_hal_msp.c **** 
 181:Core/Src/stm32f4xx_hal_msp.c ****     GPIO_InitStruct.Pin = GPIO_PIN_2;
 182:Core/Src/stm32f4xx_hal_msp.c ****     GPIO_InitStruct.Mode = GPIO_MODE_AF_PP;
 183:Core/Src/stm32f4xx_hal_msp.c ****     GPIO_InitStruct.Pull = GPIO_PULLUP;
 184:Core/Src/stm32f4xx_hal_msp.c ****     GPIO_InitStruct.Speed = GPIO_SPEED_FREQ_VERY_HIGH;
 185:Core/Src/stm32f4xx_hal_msp.c ****     GPIO_InitStruct.Alternate = GPIO_AF12_SDIO;
 186:Core/Src/stm32f4xx_hal_msp.c ****     HAL_GPIO_Init(GPIOD, &GPIO_InitStruct);
 187:Core/Src/stm32f4xx_hal_msp.c ****   }
 188:Core/Src/stm32f4xx_hal_msp.c **** }
 401              		.loc 1 188 1 view .LVU106
 402 001a 08B0     		add	sp, sp, #32
 403              	.LCFI9:
 404              		.cfi_remember_state
 405              		.cfi_def_cfa_offset 24
 406              		@ sp needed
 407 001c BDE8F081 		pop	{r4, r5, r6, r7, r8, pc}
 408              	.LVL16:
 409              	.L27:
 410              	.LCFI10:
 411              		.cfi_restore_state
 170:Core/Src/stm32f4xx_hal_msp.c ****     __HAL_RCC_GPIOC_CLK_ENABLE();
 412              		.loc 1 170 5 is_stmt 1 view .LVU107
 413              	.LBB6:
 170:Core/Src/stm32f4xx_hal_msp.c ****     __HAL_RCC_GPIOC_CLK_ENABLE();
 414              		.loc 1 170 5 view .LVU108
 415 0020 0022     		movs	r2, #0
 416 0022 0092     		str	r2, [sp]
 170:Core/Src/stm32f4xx_hal_msp.c ****     __HAL_RCC_GPIOC_CLK_ENABLE();
 417              		.loc 1 170 5 view .LVU109
 418 0024 03F58633 		add	r3, r3, #68608
 419 0028 596C     		ldr	r1, [r3, #68]
 420 002a 41F40061 		orr	r1, r1, #2048
 421 002e 5964     		str	r1, [r3, #68]
 170:Core/Src/stm32f4xx_hal_msp.c ****     __HAL_RCC_GPIOC_CLK_ENABLE();
 422              		.loc 1 170 5 view .LVU110
 423 0030 596C     		ldr	r1, [r3, #68]
 424 0032 01F40061 		and	r1, r1, #2048
 425 0036 0091     		str	r1, [sp]
 170:Core/Src/stm32f4xx_hal_msp.c ****     __HAL_RCC_GPIOC_CLK_ENABLE();
 426              		.loc 1 170 5 view .LVU111
 427 0038 0099     		ldr	r1, [sp]
 428              	.LBE6:
 170:Core/Src/stm32f4xx_hal_msp.c ****     __HAL_RCC_GPIOC_CLK_ENABLE();
 429              		.loc 1 170 5 view .LVU112
 171:Core/Src/stm32f4xx_hal_msp.c ****     __HAL_RCC_GPIOD_CLK_ENABLE();
 430              		.loc 1 171 5 view .LVU113
 431              	.LBB7:
 171:Core/Src/stm32f4xx_hal_msp.c ****     __HAL_RCC_GPIOD_CLK_ENABLE();
 432              		.loc 1 171 5 view .LVU114
ARM GAS  C:\Users\cesco\AppData\Local\Temp\ccPITdsG.s 			page 13


 433 003a 0192     		str	r2, [sp, #4]
 171:Core/Src/stm32f4xx_hal_msp.c ****     __HAL_RCC_GPIOD_CLK_ENABLE();
 434              		.loc 1 171 5 view .LVU115
 435 003c 196B     		ldr	r1, [r3, #48]
 436 003e 41F00401 		orr	r1, r1, #4
 437 0042 1963     		str	r1, [r3, #48]
 171:Core/Src/stm32f4xx_hal_msp.c ****     __HAL_RCC_GPIOD_CLK_ENABLE();
 438              		.loc 1 171 5 view .LVU116
 439 0044 196B     		ldr	r1, [r3, #48]
 440 0046 01F00401 		and	r1, r1, #4
 441 004a 0191     		str	r1, [sp, #4]
 171:Core/Src/stm32f4xx_hal_msp.c ****     __HAL_RCC_GPIOD_CLK_ENABLE();
 442              		.loc 1 171 5 view .LVU117
 443 004c 0199     		ldr	r1, [sp, #4]
 444              	.LBE7:
 171:Core/Src/stm32f4xx_hal_msp.c ****     __HAL_RCC_GPIOD_CLK_ENABLE();
 445              		.loc 1 171 5 view .LVU118
 172:Core/Src/stm32f4xx_hal_msp.c **** 
 446              		.loc 1 172 5 view .LVU119
 447              	.LBB8:
 172:Core/Src/stm32f4xx_hal_msp.c **** 
 448              		.loc 1 172 5 view .LVU120
 449 004e 0292     		str	r2, [sp, #8]
 172:Core/Src/stm32f4xx_hal_msp.c **** 
 450              		.loc 1 172 5 view .LVU121
 451 0050 1A6B     		ldr	r2, [r3, #48]
 452 0052 42F00802 		orr	r2, r2, #8
 453 0056 1A63     		str	r2, [r3, #48]
 172:Core/Src/stm32f4xx_hal_msp.c **** 
 454              		.loc 1 172 5 view .LVU122
 455 0058 1B6B     		ldr	r3, [r3, #48]
 456 005a 03F00803 		and	r3, r3, #8
 457 005e 0293     		str	r3, [sp, #8]
 172:Core/Src/stm32f4xx_hal_msp.c **** 
 458              		.loc 1 172 5 view .LVU123
 459 0060 029B     		ldr	r3, [sp, #8]
 460              	.LBE8:
 172:Core/Src/stm32f4xx_hal_msp.c **** 
 461              		.loc 1 172 5 view .LVU124
 174:Core/Src/stm32f4xx_hal_msp.c ****     GPIO_InitStruct.Mode = GPIO_MODE_AF_PP;
 462              		.loc 1 174 5 view .LVU125
 174:Core/Src/stm32f4xx_hal_msp.c ****     GPIO_InitStruct.Mode = GPIO_MODE_AF_PP;
 463              		.loc 1 174 25 is_stmt 0 view .LVU126
 464 0062 4FF4F853 		mov	r3, #7936
 465 0066 0393     		str	r3, [sp, #12]
 175:Core/Src/stm32f4xx_hal_msp.c ****     GPIO_InitStruct.Pull = GPIO_PULLUP;
 466              		.loc 1 175 5 is_stmt 1 view .LVU127
 175:Core/Src/stm32f4xx_hal_msp.c ****     GPIO_InitStruct.Pull = GPIO_PULLUP;
 467              		.loc 1 175 26 is_stmt 0 view .LVU128
 468 0068 4FF00208 		mov	r8, #2
 469 006c CDF81080 		str	r8, [sp, #16]
 176:Core/Src/stm32f4xx_hal_msp.c ****     GPIO_InitStruct.Speed = GPIO_SPEED_FREQ_VERY_HIGH;
 470              		.loc 1 176 5 is_stmt 1 view .LVU129
 176:Core/Src/stm32f4xx_hal_msp.c ****     GPIO_InitStruct.Speed = GPIO_SPEED_FREQ_VERY_HIGH;
 471              		.loc 1 176 26 is_stmt 0 view .LVU130
 472 0070 0127     		movs	r7, #1
 473 0072 0597     		str	r7, [sp, #20]
ARM GAS  C:\Users\cesco\AppData\Local\Temp\ccPITdsG.s 			page 14


 177:Core/Src/stm32f4xx_hal_msp.c ****     GPIO_InitStruct.Alternate = GPIO_AF12_SDIO;
 474              		.loc 1 177 5 is_stmt 1 view .LVU131
 177:Core/Src/stm32f4xx_hal_msp.c ****     GPIO_InitStruct.Alternate = GPIO_AF12_SDIO;
 475              		.loc 1 177 27 is_stmt 0 view .LVU132
 476 0074 0326     		movs	r6, #3
 477 0076 0696     		str	r6, [sp, #24]
 178:Core/Src/stm32f4xx_hal_msp.c ****     HAL_GPIO_Init(GPIOC, &GPIO_InitStruct);
 478              		.loc 1 178 5 is_stmt 1 view .LVU133
 178:Core/Src/stm32f4xx_hal_msp.c ****     HAL_GPIO_Init(GPIOC, &GPIO_InitStruct);
 479              		.loc 1 178 31 is_stmt 0 view .LVU134
 480 0078 0C25     		movs	r5, #12
 481 007a 0795     		str	r5, [sp, #28]
 179:Core/Src/stm32f4xx_hal_msp.c **** 
 482              		.loc 1 179 5 is_stmt 1 view .LVU135
 483 007c 0DEB0504 		add	r4, sp, r5
 484 0080 2146     		mov	r1, r4
 485 0082 0848     		ldr	r0, .L28+4
 486              	.LVL17:
 179:Core/Src/stm32f4xx_hal_msp.c **** 
 487              		.loc 1 179 5 is_stmt 0 view .LVU136
 488 0084 FFF7FEFF 		bl	HAL_GPIO_Init
 489              	.LVL18:
 181:Core/Src/stm32f4xx_hal_msp.c ****     GPIO_InitStruct.Mode = GPIO_MODE_AF_PP;
 490              		.loc 1 181 5 is_stmt 1 view .LVU137
 181:Core/Src/stm32f4xx_hal_msp.c ****     GPIO_InitStruct.Mode = GPIO_MODE_AF_PP;
 491              		.loc 1 181 25 is_stmt 0 view .LVU138
 492 0088 0423     		movs	r3, #4
 493 008a 0393     		str	r3, [sp, #12]
 182:Core/Src/stm32f4xx_hal_msp.c ****     GPIO_InitStruct.Pull = GPIO_PULLUP;
 494              		.loc 1 182 5 is_stmt 1 view .LVU139
 182:Core/Src/stm32f4xx_hal_msp.c ****     GPIO_InitStruct.Pull = GPIO_PULLUP;
 495              		.loc 1 182 26 is_stmt 0 view .LVU140
 496 008c CDF81080 		str	r8, [sp, #16]
 183:Core/Src/stm32f4xx_hal_msp.c ****     GPIO_InitStruct.Speed = GPIO_SPEED_FREQ_VERY_HIGH;
 497              		.loc 1 183 5 is_stmt 1 view .LVU141
 183:Core/Src/stm32f4xx_hal_msp.c ****     GPIO_InitStruct.Speed = GPIO_SPEED_FREQ_VERY_HIGH;
 498              		.loc 1 183 26 is_stmt 0 view .LVU142
 499 0090 0597     		str	r7, [sp, #20]
 184:Core/Src/stm32f4xx_hal_msp.c ****     GPIO_InitStruct.Alternate = GPIO_AF12_SDIO;
 500              		.loc 1 184 5 is_stmt 1 view .LVU143
 184:Core/Src/stm32f4xx_hal_msp.c ****     GPIO_InitStruct.Alternate = GPIO_AF12_SDIO;
 501              		.loc 1 184 27 is_stmt 0 view .LVU144
 502 0092 0696     		str	r6, [sp, #24]
 185:Core/Src/stm32f4xx_hal_msp.c ****     HAL_GPIO_Init(GPIOD, &GPIO_InitStruct);
 503              		.loc 1 185 5 is_stmt 1 view .LVU145
 185:Core/Src/stm32f4xx_hal_msp.c ****     HAL_GPIO_Init(GPIOD, &GPIO_InitStruct);
 504              		.loc 1 185 31 is_stmt 0 view .LVU146
 505 0094 0795     		str	r5, [sp, #28]
 186:Core/Src/stm32f4xx_hal_msp.c ****   }
 506              		.loc 1 186 5 is_stmt 1 view .LVU147
 507 0096 2146     		mov	r1, r4
 508 0098 0348     		ldr	r0, .L28+8
 509 009a FFF7FEFF 		bl	HAL_GPIO_Init
 510              	.LVL19:
 511              		.loc 1 188 1 is_stmt 0 view .LVU148
 512 009e BCE7     		b	.L24
 513              	.L29:
ARM GAS  C:\Users\cesco\AppData\Local\Temp\ccPITdsG.s 			page 15


 514              		.align	2
 515              	.L28:
 516 00a0 002C0140 		.word	1073818624
 517 00a4 00080240 		.word	1073874944
 518 00a8 000C0240 		.word	1073875968
 519              		.cfi_endproc
 520              	.LFE137:
 522              		.section	.text.HAL_SD_MspDeInit,"ax",%progbits
 523              		.align	1
 524              		.global	HAL_SD_MspDeInit
 525              		.syntax unified
 526              		.thumb
 527              		.thumb_func
 529              	HAL_SD_MspDeInit:
 530              	.LVL20:
 531              	.LFB138:
 189:Core/Src/stm32f4xx_hal_msp.c **** 
 190:Core/Src/stm32f4xx_hal_msp.c **** void HAL_SD_MspDeInit(SD_HandleTypeDef* hsd)
 191:Core/Src/stm32f4xx_hal_msp.c **** {
 532              		.loc 1 191 1 is_stmt 1 view -0
 533              		.cfi_startproc
 534              		@ args = 0, pretend = 0, frame = 0
 535              		@ frame_needed = 0, uses_anonymous_args = 0
 536              		.loc 1 191 1 is_stmt 0 view .LVU150
 537 0000 08B5     		push	{r3, lr}
 538              	.LCFI11:
 539              		.cfi_def_cfa_offset 8
 540              		.cfi_offset 3, -8
 541              		.cfi_offset 14, -4
 192:Core/Src/stm32f4xx_hal_msp.c ****   if(hsd->Instance==SDIO)
 542              		.loc 1 192 3 is_stmt 1 view .LVU151
 543              		.loc 1 192 9 is_stmt 0 view .LVU152
 544 0002 0268     		ldr	r2, [r0]
 545              		.loc 1 192 5 view .LVU153
 546 0004 094B     		ldr	r3, .L34
 547 0006 9A42     		cmp	r2, r3
 548 0008 00D0     		beq	.L33
 549              	.LVL21:
 550              	.L30:
 193:Core/Src/stm32f4xx_hal_msp.c ****   {
 194:Core/Src/stm32f4xx_hal_msp.c ****     __HAL_RCC_SDIO_CLK_DISABLE();
 195:Core/Src/stm32f4xx_hal_msp.c ****     HAL_GPIO_DeInit(GPIOC, GPIO_PIN_8|GPIO_PIN_9|GPIO_PIN_10|GPIO_PIN_11|GPIO_PIN_12);
 196:Core/Src/stm32f4xx_hal_msp.c ****     HAL_GPIO_DeInit(GPIOD, GPIO_PIN_2);
 197:Core/Src/stm32f4xx_hal_msp.c ****   }
 198:Core/Src/stm32f4xx_hal_msp.c **** }
 551              		.loc 1 198 1 view .LVU154
 552 000a 08BD     		pop	{r3, pc}
 553              	.LVL22:
 554              	.L33:
 194:Core/Src/stm32f4xx_hal_msp.c ****     HAL_GPIO_DeInit(GPIOC, GPIO_PIN_8|GPIO_PIN_9|GPIO_PIN_10|GPIO_PIN_11|GPIO_PIN_12);
 555              		.loc 1 194 5 is_stmt 1 view .LVU155
 556 000c 084A     		ldr	r2, .L34+4
 557 000e 536C     		ldr	r3, [r2, #68]
 558 0010 23F40063 		bic	r3, r3, #2048
 559 0014 5364     		str	r3, [r2, #68]
 195:Core/Src/stm32f4xx_hal_msp.c ****     HAL_GPIO_DeInit(GPIOD, GPIO_PIN_2);
 560              		.loc 1 195 5 view .LVU156
ARM GAS  C:\Users\cesco\AppData\Local\Temp\ccPITdsG.s 			page 16


 561 0016 4FF4F851 		mov	r1, #7936
 562 001a 0648     		ldr	r0, .L34+8
 563              	.LVL23:
 195:Core/Src/stm32f4xx_hal_msp.c ****     HAL_GPIO_DeInit(GPIOD, GPIO_PIN_2);
 564              		.loc 1 195 5 is_stmt 0 view .LVU157
 565 001c FFF7FEFF 		bl	HAL_GPIO_DeInit
 566              	.LVL24:
 196:Core/Src/stm32f4xx_hal_msp.c ****   }
 567              		.loc 1 196 5 is_stmt 1 view .LVU158
 568 0020 0421     		movs	r1, #4
 569 0022 0548     		ldr	r0, .L34+12
 570 0024 FFF7FEFF 		bl	HAL_GPIO_DeInit
 571              	.LVL25:
 572              		.loc 1 198 1 is_stmt 0 view .LVU159
 573 0028 EFE7     		b	.L30
 574              	.L35:
 575 002a 00BF     		.align	2
 576              	.L34:
 577 002c 002C0140 		.word	1073818624
 578 0030 00380240 		.word	1073887232
 579 0034 00080240 		.word	1073874944
 580 0038 000C0240 		.word	1073875968
 581              		.cfi_endproc
 582              	.LFE138:
 584              		.text
 585              	.Letext0:
 586              		.file 2 "C:/Users/cesco/AppData/Roaming/xPacks/@xpack-dev-tools/arm-none-eabi-gcc/14.2.1-1.1.1/.co
 587              		.file 3 "C:/Users/cesco/AppData/Roaming/xPacks/@xpack-dev-tools/arm-none-eabi-gcc/14.2.1-1.1.1/.co
 588              		.file 4 "Drivers/CMSIS/Device/ST/STM32F4xx/Include/stm32f407xx.h"
 589              		.file 5 "Drivers/STM32F4xx_HAL_Driver/Inc/stm32f4xx_hal_def.h"
 590              		.file 6 "Drivers/STM32F4xx_HAL_Driver/Inc/stm32f4xx_hal_rcc_ex.h"
 591              		.file 7 "Drivers/STM32F4xx_HAL_Driver/Inc/stm32f4xx_hal_gpio.h"
 592              		.file 8 "Drivers/STM32F4xx_HAL_Driver/Inc/stm32f4xx_hal_dma.h"
 593              		.file 9 "Drivers/STM32F4xx_HAL_Driver/Inc/stm32f4xx_hal_i2s.h"
 594              		.file 10 "Drivers/STM32F4xx_HAL_Driver/Inc/stm32f4xx_ll_sdmmc.h"
 595              		.file 11 "Drivers/STM32F4xx_HAL_Driver/Inc/stm32f4xx_hal_sd.h"
 596              		.file 12 "Core/Inc/main.h"
ARM GAS  C:\Users\cesco\AppData\Local\Temp\ccPITdsG.s 			page 17


DEFINED SYMBOLS
                            *ABS*:00000000 stm32f4xx_hal_msp.c
C:\Users\cesco\AppData\Local\Temp\ccPITdsG.s:21     .text.HAL_MspInit:00000000 $t
C:\Users\cesco\AppData\Local\Temp\ccPITdsG.s:27     .text.HAL_MspInit:00000000 HAL_MspInit
C:\Users\cesco\AppData\Local\Temp\ccPITdsG.s:80     .text.HAL_MspInit:00000034 $d
C:\Users\cesco\AppData\Local\Temp\ccPITdsG.s:85     .text.HAL_I2S_MspInit:00000000 $t
C:\Users\cesco\AppData\Local\Temp\ccPITdsG.s:91     .text.HAL_I2S_MspInit:00000000 HAL_I2S_MspInit
C:\Users\cesco\AppData\Local\Temp\ccPITdsG.s:290    .text.HAL_I2S_MspInit:000000c8 $d
C:\Users\cesco\AppData\Local\Temp\ccPITdsG.s:299    .text.HAL_I2S_MspDeInit:00000000 $t
C:\Users\cesco\AppData\Local\Temp\ccPITdsG.s:305    .text.HAL_I2S_MspDeInit:00000000 HAL_I2S_MspDeInit
C:\Users\cesco\AppData\Local\Temp\ccPITdsG.s:351    .text.HAL_I2S_MspDeInit:0000002c $d
C:\Users\cesco\AppData\Local\Temp\ccPITdsG.s:358    .text.HAL_SD_MspInit:00000000 $t
C:\Users\cesco\AppData\Local\Temp\ccPITdsG.s:364    .text.HAL_SD_MspInit:00000000 HAL_SD_MspInit
C:\Users\cesco\AppData\Local\Temp\ccPITdsG.s:516    .text.HAL_SD_MspInit:000000a0 $d
C:\Users\cesco\AppData\Local\Temp\ccPITdsG.s:523    .text.HAL_SD_MspDeInit:00000000 $t
C:\Users\cesco\AppData\Local\Temp\ccPITdsG.s:529    .text.HAL_SD_MspDeInit:00000000 HAL_SD_MspDeInit
C:\Users\cesco\AppData\Local\Temp\ccPITdsG.s:577    .text.HAL_SD_MspDeInit:0000002c $d

UNDEFINED SYMBOLS
HAL_RCCEx_PeriphCLKConfig
HAL_GPIO_Init
HAL_DMA_Init
Error_Handler
hdma_spi2_tx
HAL_GPIO_DeInit
HAL_DMA_DeInit
